01-Mar-2022 14:54:24 INFO - started...
01-Mar-2022 14:54:24 INFO - get EMi funciton is called...
01-Mar-2022 14:54:24 INFO - method end succcessfully..
01-Mar-2022 14:54:24 WARN - warning..
01-Mar-2022 14:54:24 FATAL - 
01-Mar-2022 14:54:24 ERROR - error..
01-Mar-2022 14:54:24 INFO -  main completed..
01-Mar-2022 14:58:34 INFO - started...
01-Mar-2022 14:58:34 INFO - get EMi funciton is called...
01-Mar-2022 14:58:34 INFO - method end succcessfully..
01-Mar-2022 14:58:34 WARN - warning..
01-Mar-2022 14:58:34 FATAL - 
01-Mar-2022 14:58:34 ERROR - error..
01-Mar-2022 14:58:34 INFO -  main completed..
01-Mar-2022 14:58:55 INFO - started...
01-Mar-2022 14:58:55 INFO - get EMi funciton is called...
01-Mar-2022 14:58:55 INFO - method end succcessfully..
01-Mar-2022 14:58:55 WARN - warning..
01-Mar-2022 14:58:55 FATAL - 
01-Mar-2022 14:58:55 ERROR - error..
01-Mar-2022 14:58:55 INFO -  main completed..
